1	H	10329	11	0.084
2	P	5503	6	0.211
3	P	2041	3	0.211
4	P	1692	2	0.211
5	P	4393	5	0.333
6	P	1923	2	0.333
7	P	1576	2	0.333
8	P	1567	2	0.456
9	P	753	1	0.456
10	P	956	1	0.456
11	P	3839	4	0.578
12	P	805	1	0.578
13	P	659	1	0.578
14	P	6408	7	0.706
15	P	1991	2	0.706
16	P	1381	2	0.706
17	P	4021	5	0.784
18	P	2596	3	0.785
19	I	14975	15	0.826
20	P	11062	12	0.959
21	P	4623	5	0.959
22	P	4132	5	0.959
23	P	12628	13	1.078
24	P	4734	5	1.078
25	P	4601	5	1.078
26	P	6218	7	1.197
27	P	3276	4	1.197
28	P	4017	5	1.197
29	P	5999	6	1.320
30	P	2366	3	1.320
31	P	2338	3	1.320
32	P	5228	6	1.446
33	P	1902	2	1.446
34	P	1997	2	1.446
35	P	2553	3	1.542
36	P	1806	2	1.542
37	I	18548	19	1.584
38	P	5968	6	1.696
39	P	2775	3	1.696
40	P	2305	3	1.696
41	P	6668	7	1.816
42	P	2266	3	1.816
43	P	2199	3	1.816
44	P	4882	5	1.940
45	P	2041	3	1.959
46	P	2102	3	1.960
47	P	5150	6	2.063
48	P	1636	2	2.063
49	P	1442	2	2.063
50	P	5445	6	2.187
51	P	1853	2	2.187
52	P	1627	2	2.187
53	P	2478	3	2.292
54	P	1909	2	2.292
55	I	17819	18	2.311
56	P	7106	8	2.435
57	P	2509	3	2.435
58	P	2458	3	2.435
59	P	6841	7	2.584
60	P	2727	3	2.584
61	P	2388	3	2.584
62	P	4908	5	2.682
63	P	2249	3	2.682
64	P	2202	3	2.682
65	P	5130	6	2.765
66	P	1905	2	2.765
67	P	6109	7	2.890
68	P	2171	3	2.890
69	P	1864	2	2.890
70	P	5962	6	3.042
71	P	2205	3	3.042
72	P	2024	3	3.042
73	I	17557	18	3.054
74	P	7480	8	3.209
75	P	6442	7	3.209
76	P	2421	3	3.209
77	P	6336	7	3.300
78	P	2657	3	3.300
79	P	2191	3	3.300
80	P	5218	6	3.459
81	P	2361	3	3.459
82	P	2168	3	3.459
83	P	5098	6	3.548
84	P	2019	3	3.548
85	P	1747	2	3.548
86	P	5044	6	3.673
87	P	1937	2	3.673
88	P	1638	2	3.673
89	P	2432	3	3.755
90	P	1785	2	3.755
91	I	17569	18	3.834
92	P	7454	8	3.878
93	P	1912	2	3.878
94	P	6792	7	4.002
95	P	2020	3	4.002
96	P	2194	3	4.002
97	P	5682	6	4.167
98	P	2259	3	4.167
99	P	2195	3	4.167
100	P	5140	6	4.250
101	P	1933	2	4.250
102	P	2028	3	4.250
103	P	5213	6	4.332
104	P	2069	3	4.332
105	P	5935	6	4.458
106	P	1938	2	4.458
107	P	1836	2	4.458
108	P	2376	3	4.501
109	I	18046	19	4.542
110	P	7218	8	4.662
111	P	2468	3	4.662
112	P	2174	3	4.662
113	P	5869	6	4.787
114	P	2247	3	4.787
115	P	1922	2	4.787
116	P	5292	6	4.959
117	P	1978	2	4.959
118	P	2159	3	4.959
119	P	5124	6	5.034
120	P	1813	2	5.034
121	P	1916	2	5.034
122	P	5693	6	5.157
123	P	1971	2	5.157
124	P	1623	2	5.158
125	P	2282	3	5.292
126	P	1723	2	5.292
127	I	18211	19	5.292
128	P	6996	7	5.405
129	P	2029	3	5.405
130	P	1913	2	5.405
131	P	6753	7	5.528
132	P	2126	3	5.528
133	P	1978	2	5.528
134	P	5197	6	5.652
135	P	2071	3	5.652
136	P	1751	2	5.652
137	P	5150	6	5.775
138	P	1829	2	5.775
139	P	1876	2	5.776
140	P	5517	6	5.899
141	P	1893	2	5.899
142	P	1742	2	5.899
143	P	2437	3	5.981
144	P	1814	2	5.981
145	I	17943	18	6.042
146	P	7495	8	6.147
147	P	2122	3	6.147
148	P	1974	2	6.148
149	P	6541	7	6.274
150	P	1976	2	6.274
151	P	2087	3	6.274
152	P	5584	6	6.396
153	P	2082	3	6.396
154	P	2044	3	6.396
155	P	5607	6	6.520
156	P	2046	3	6.520
157	P	1799	2	6.520
158	P	5583	6	6.643
159	P	1864	2	6.643
160	P	1854	2	6.643
161	P	2601	3	6.725
162	P	1939	2	6.725
163	I	18242	19	6.792
164	P	7043	8	6.959
165	P	2539	3	6.959
166	P	2230	3	6.959
167	P	6561	7	7.013
168	P	2257	3	7.013
169	P	2212	3	7.013
170	P	5385	6	7.140
171	P	2102	3	7.140
172	P	1982	2	7.140
173	P	5727	6	7.260
174	P	2034	3	7.261
175	P	1975	2	7.261
176	P	5795	6	7.384
177	P	2079	3	7.385
178	P	2031	3	7.385
179	P	2589	3	7.466
180	P	1851	2	7.467
181	I	18524	19	7.542
182	P	7212	8	7.633
183	P	2415	3	7.633
184	P	2156	3	7.633
185	P	6708	7	7.755
186	P	2362	3	7.755
187	P	1970	2	7.755
188	P	5960	6	7.879
189	P	2161	3	7.880
190	P	2209	3	7.880
191	P	6266	7	8.003
192	P	2100	3	8.003
193	P	1949	2	8.003
194	P	6074	7	8.127
195	P	2116	3	8.127
196	P	2232	3	8.127
197	P	2667	3	8.210
198	P	1957	2	8.210
199	I	18329	19	8.292
200	P	6980	7	8.375
201	P	2341	3	8.375
202	P	2133	3	8.375
203	P	6458	7	8.498
204	P	2306	3	8.498
205	P	2240	3	8.498
206	P	6390	7	8.623
207	P	2215	3	8.623
208	P	1980	2	8.623
209	P	6178	7	8.745
210	P	2115	3	8.745
211	P	1999	2	8.745
212	P	5836	6	8.870
213	P	2069	3	8.870
214	P	1917	2	8.959
215	P	2709	3	8.959
216	P	1833	2	8.959
217	I	18127	19	9.043
218	P	7460	8	9.117
219	P	2379	3	9.209
220	P	2293	3	9.209
221	P	5928	6	9.241
222	P	2510	3	9.241
223	P	2153	3	9.241
224	P	6025	7	9.364
225	P	2203	3	9.364
226	P	2125	3	9.364
227	P	5932	6	9.488
228	P	2250	3	9.488
229	P	1993	2	9.488
230	P	6297	7	9.612
231	P	2219	3	9.612
232	P	2064	3	9.612
233	P	2723	3	9.709
234	P	2038	3	9.709
235	I	18453	19	9.792
236	P	6692	7	9.860
237	P	2363	3	9.860
238	P	2444	3	9.860
239	P	5838	6	9.986
240	P	2335	3	9.986
241	P	2104	3	9.986
242	P	5571	6	10.110
243	P	2179	3	10.209
244	P	2202	3	10.209
245	P	5856	6	10.233
246	P	2129	3	10.233
247	P	1965	2	10.233
248	P	5651	6	10.459
249	P	1996	2	10.459
250	P	2034	3	10.459
251	P	2592	3	10.459
252	P	1862	2	10.459
253	I	17947	18	10.542
254	P	6736	7	10.602
255	P	2309	3	10.602
256	P	2164	3	10.602
257	P	6635	7	10.836
258	P	2390	3	10.836
259	P	2238	3	10.836
260	P	5835	6	10.850
261	P	2360	3	10.850
262	P	2015	3	10.850
263	P	5673	6	11.084
264	P	2370	3	11.084
265	P	2157	3	11.084
266	P	5961	6	11.097
267	P	2290	3	11.097
268	P	2165	3	11.097
269	P	2608	3	11.209
270	P	1915	2	11.209
271	I	18185	19	11.292
272	P	6417	7	11.345
273	P	2519	3	11.345
274	P	2158	3	11.345
275	P	6477	7	11.469
276	P	2186	3	11.469
277	P	1954	2	11.469
278	P	5460	6	11.592
279	P	2111	3	11.592
280	P	1949	2	11.592
281	P	5595	6	11.716
282	P	2098	3	11.716
283	P	1830	2	11.716
284	P	5709	6	11.839
285	P	2079	3	11.839
286	P	1819	2	11.839
287	P	2556	3	11.959
288	P	1944	2	11.959
289	I	17970	18	12.042
290	P	6241	7	12.209
291	P	2233	3	12.209
292	P	2280	3	12.209
293	P	5869	6	12.211
294	P	2555	3	12.211
295	P	1962	2	12.211
296	P	5491	6	12.335
297	P	2044	3	12.335
298	P	2109	3	12.335
299	P	5138	6	12.459
300	P	1950	2	12.459
301	P	2203	3	12.459
302	P	5324	6	12.584
303	P	1978	2	12.584
304	P	2112	3	12.584
305	P	2584	3	12.709
306	P	2175	3	12.709
307	I	17737	18	12.710
308	P	6350	7	12.835
309	P	2278	3	12.835
310	P	2358	3	12.835
311	P	5850	6	12.960
312	P	2154	3	12.960
313	P	2300	3	12.960
314	P	5540	6	13.085
315	P	1882	2	13.085
316	P	2399	3	13.085
317	P	5220	6	13.209
318	P	2041	3	13.209
319	P	2110	3	13.209
320	P	5630	6	13.334
321	P	1922	2	13.334
322	P	2058	3	13.334
323	P	2337	3	13.459
324	P	2115	3	13.459
325	I	18611	19	13.459
326	P	6747	7	13.585
327	P	2401	3	13.585
328	P	2321	3	13.585
329	P	6267	7	13.709
330	P	2287	3	13.710
331	P	2281	3	13.710
332	P	5931	6	13.834
333	P	2016	3	13.835
334	P	2130	3	13.835
335	P	5772	6	13.959
336	P	2030	3	13.959
337	P	2171	3	13.959
338	P	5808	6	14.084
339	P	1939	2	14.084
340	P	2057	3	14.085
341	P	2356	3	14.209
342	P	2387	3	14.209
343	I	18809	19	14.209
344	P	6862	7	14.335
345	P	2230	3	14.335
346	P	2586	3	14.335
347	P	6915	7	14.459
348	P	2291	3	14.459
349	P	2196	3	14.460
350	P	5547	6	14.584
351	P	2080	3	14.584
352	P	2357	3	14.584
353	P	5357	6	14.710
354	P	1927	2	14.710
355	P	1975	2	14.710
356	P	5974	6	14.834
357	P	2062	3	14.834
358	P	2050	3	14.834
359	P	2340	3	14.959
360	P	2076	3	14.959
361	I	18482	19	14.960
362	P	6892	7	15.085
363	P	1867	2	15.085
364	P	1993	2	15.085
365	P	6364	7	15.209
366	P	2233	3	15.209
367	P	2323	3	15.209
368	P	5972	6	15.334
369	P	2078	3	15.335
370	P	2109	3	15.335
371	P	5600	6	15.460
372	P	2165	3	15.460
373	P	2093	3	15.460
374	P	5456	6	15.585
375	P	1945	2	15.585
376	P	2118	3	15.585
377	P	2452	3	15.709
378	P	2053	3	15.709
379	I	18747	19	15.709
380	P	6319	7	15.834
381	P	2280	3	15.834
382	P	2181	3	15.834
383	P	6334	7	15.959
384	P	2121	3	15.959
385	P	2403	3	15.959
386	P	5504	6	16.084
387	P	2146	3	16.084
388	P	6065	7	16.167
389	P	2030	3	16.167
390	P	1985	2	16.167
391	P	5558	6	16.292
392	P	2064	3	16.293
393	P	2070	3	16.293
394	P	5536	6	16.417
395	P	2216	3	16.418
396	P	2208	3	16.418
397	I	18880	19	16.418
398	P	6771	7	16.585
399	P	5107	6	16.585
400	P	2332	3	16.585
401	P	6309	7	16.710
402	P	2113	3	16.710
403	P	2262	3	16.710
404	P	5571	6	16.835
405	P	1886	2	16.835
406	P	2108	3	16.835
407	P	5498	6	16.960
408	P	2163	3	16.960
409	P	2042	3	16.960
410	P	5641	6	17.085
411	P	1973	2	17.085
412	P	2180	3	17.085
413	P	2468	3	17.209
414	P	2042	3	17.209
415	I	18728	19	17.210
416	P	6696	7	17.335
417	P	2277	3	17.335
418	P	2440	3	17.335
419	P	5673	6	17.459
420	P	2305	3	17.460
421	P	2292	3	17.460
422	P	4917	5	17.585
423	P	2109	3	17.585
424	P	2269	3	17.585
425	P	5799	6	17.710
426	P	1954	2	17.710
427	P	6343	7	17.710
428	P	2029	3	17.710
429	P	6573	7	17.876
430	P	2210	3	17.876
431	P	2234	3	17.876
432	P	2933	3	17.876
433	I	19112	20	18.042
434	P	7076	8	18.042
435	P	3381	4	18.042
436	P	2456	3	18.043
437	P	6034	7	18.210
438	P	2238	3	18.210
439	P	2197	3	18.210
440	P	6209	7	18.335
441	P	2225	3	18.335
442	P	2170	3	18.335
443	P	6536	7	18.460
444	P	1881	2	18.460
445	P	6411	7	18.543
446	P	2086	3	18.543
447	P	2155	3	18.543
448	P	5758	6	18.668
449	P	2392	3	18.668
450	P	2109	3	18.668
451	I	16858	17	18.668
452	P	6906	7	18.835
453	P	2216	3	18.835
454	P	6716	7	18.835
455	P	2122	3	18.835
456	P	6378	7	19.001
457	P	2377	3	19.001
458	P	5373	6	19.001
459	P	2168	3	19.001
460	P	5677	6	19.168
461	P	1987	2	19.168
462	P	5799	6	19.168
463	P	2185	3	19.168
464	P	5555	6	19.334
465	P	2450	3	19.334
466	P	5589	6	19.335
467	P	2392	3	19.335
468	P	2743	3	19.501
469	I	18025	19	19.501
470	P	7106	8	19.501
471	P	2460	3	19.501
472	P	6259	7	19.668
473	P	2396	3	19.668
474	P	5931	6	19.668
475	P	2343	3	19.668
476	P	5896	6	19.834
477	P	2247	3	19.834
478	P	6159	7	19.834
479	P	2105	3	19.834
480	P	5182	6	20.000
481	P	2043	3	20.001
482	P	5163	6	20.001
483	P	1885	2	20.001
484	P	5783	6	20.167
485	P	1789	2	20.167
486	P	1828	2	20.167
487	I	16915	17	20.168
488	P	5830	6	20.334
489	P	5568	6	20.334
490	P	1549	2	20.334
491	P	5029	6	20.459
492	P	1600	2	20.459
493	P	1662	2	20.459
494	P	5549	6	20.584
495	P	1772	2	20.584
496	P	1719	2	20.584
497	P	5193	6	20.709
498	P	1614	2	20.709
499	P	1727	2	20.709
500	P	5107	6	20.834
501	P	1902	2	20.834
502	P	1753	2	20.834
503	P	2354	3	20.834
504	P	1625	2	20.834
505	I	17102	18	21.042
506	P	5850	6	21.042
507	P	2403	3	21.042
508	P	1937	2	21.042
509	P	5812	6	21.209
510	P	2128	3	21.209
511	P	1673	2	21.209
512	P	4944	5	21.334
513	P	1800	2	21.334
514	P	1711	2	21.334
515	P	4999	5	21.459
516	P	1619	2	21.459
517	P	1653	2	21.459
518	P	5499	6	21.584
519	P	1581	2	21.584
520	P	1545	2	21.584
521	P	2246	3	21.584
522	P	1743	2	21.584
523	I	16256	17	21.792
524	P	5333	6	21.792
525	P	1969	2	21.792
526	P	2050	3	21.792
527	P	5548	6	21.959
528	P	1737	2	21.959
529	P	1839	2	21.959
530	P	5080	6	22.084
531	P	1892	2	22.084
532	P	1818	2	22.084
533	P	5437	6	22.209
534	P	1730	2	22.209
535	P	1648	2	22.209
536	P	5291	6	22.334
537	P	1721	2	22.334
538	P	1625	2	22.334
539	P	2253	3	22.334
540	P	1765	2	22.334
541	I	16862	17	22.542
542	P	6524	7	22.542
543	P	2156	3	22.542
544	P	1602	2	22.542
545	P	6111	7	22.709
546	P	1941	2	22.709
547	P	1859	2	22.709
548	P	5279	6	22.834
549	P	2023	3	22.834
550	P	1683	2	22.834
551	P	5177	6	22.959
552	P	1760	2	22.959
553	P	1717	2	22.959
554	P	5532	6	23.084
555	P	1853	2	23.084
556	P	1720	2	23.084
557	P	2259	3	23.084
558	P	1802	2	23.084
559	I	17339	18	23.292
560	P	7218	8	23.292
561	P	2235	3	23.292
562	P	1832	2	23.292
563	P	5420	6	23.459
564	P	1959	2	23.459
565	P	1625	2	23.459
566	P	5734	6	23.584
567	P	2111	3	23.584
568	P	1867	2	23.585
569	P	5618	6	23.709
570	P	1845	2	23.709
571	P	1841	2	23.709
572	P	5210	6	23.834
573	P	1981	2	23.834
574	P	1972	2	23.834
575	P	2299	3	23.834
576	P	1852	2	23.834
577	I	17823	18	24.042
578	P	6651	7	24.043
579	P	2417	3	24.043
580	P	2056	3	24.043
581	P	6129	7	24.209
582	P	2232	3	24.210
583	P	1817	2	24.210
584	P	5751	6	24.335
585	P	2191	3	24.335
586	P	1998	2	24.335
587	P	5706	6	24.459
588	P	2018	3	24.459
589	P	1857	2	24.459
590	P	5490	6	24.584
591	P	2224	3	24.584
592	P	1638	2	24.584
593	P	2610	3	24.584
594	P	1922	2	24.584
595	I	17669	18	24.792
596	P	6399	7	24.792
597	P	2395	3	24.792
598	P	2197	3	24.793
599	P	5427	6	24.959
600	P	2196	3	24.959
601	P	1919	2	24.959
602	P	5282	6	24.960
603	P	2053	3	24.960
604	P	2037	3	24.960
605	P	5809	6	25.209
606	P	1987	2	25.209
607	P	1927	2	25.209
608	P	5817	6	25.209
609	P	1908	2	25.209
610	P	1789	2	25.209
611	P	2675	3	25.459
612	P	1862	2	25.459
613	I	17784	18	25.459
614	P	5950	6	25.460
615	P	2542	3	25.460
616	P	2137	3	25.460
617	P	5102	6	25.709
618	P	2140	3	25.710
619	P	2181	3	25.710
620	P	4913	5	25.710
621	P	1792	2	25.710
622	P	1945	2	25.710
623	P	5895	6	25.959
624	P	1656	2	25.959
625	P	6091	7	25.959
626	P	2038	3	25.959
627	P	1894	2	25.960
628	P	5585	6	26.168
629	P	2022	3	26.168
630	P	1845	2	26.168
631	I	16912	17	26.168
632	P	6343	7	26.336
633	P	5502	6	26.336
634	P	2176	3	26.336
635	P	6444	7	26.460
636	P	2149	3	26.460
637	P	1776	2	26.460
638	P	6023	7	26.460
639	P	2058	3	26.460
640	P	1988	2	26.460
641	P	5254	6	26.710
642	P	1942	2	26.710
643	P	1797	2	26.710
644	P	5267	6	26.710
645	P	1882	2	26.710
646	P	2044	3	26.710
647	P	2709	3	26.959
648	P	1686	2	26.960
649	I	18193	19	26.960
650	P	6575	7	26.960
651	P	2256	3	26.960
652	P	2021	3	26.960
653	P	6136	7	27.209
654	P	2236	3	27.210
655	P	1922	2	27.210
656	P	5671	6	27.210
657	P	2035	3	27.210
658	P	1996	2	27.210
659	P	5535	6	27.459
660	P	1750	2	27.459
661	P	5396	6	27.459
662	P	1861	2	27.459
663	P	5342	6	27.460
664	P	1777	2	27.460
665	P	5534	6	27.709
666	P	1738	2	27.709
667	I	16891	17	27.709
668	P	7410	8	27.710
669	P	2127	3	27.710
670	P	6443	7	27.918
671	P	2126	3	27.918
672	P	2117	3	27.918
673	P	5793	6	27.918
674	P	2119	3	27.918
675	P	1962	2	27.918
676	P	5750	6	28.168
677	P	1956	2	28.168
678	P	1947	2	28.168
679	P	5607	6	28.168
680	P	1809	2	28.168
681	P	5818	6	28.376
682	P	1732	2	28.376
683	P	2423	3	28.376
684	P	1718	2	28.376
685	I	18429	19	28.376
686	P	6640	7	28.585
687	P	2432	3	28.585
688	P	2343	3	28.585
689	P	6025	7	28.585
690	P	2248	3	28.585
691	P	1847	2	28.585
692	P	5857	6	28.834
693	P	2149	3	28.834
694	P	1891	2	28.835
695	P	5919	6	28.835
696	P	1844	2	28.835
697	P	1829	2	28.835
698	P	5670	6	29.084
699	P	1997	2	29.084
700	P	1953	2	29.084
701	P	2619	3	29.084
702	P	1795	2	29.084
703	I	17352	18	29.085
704	P	6932	7	29.335
705	P	2416	3	29.335
706	P	2060	3	29.335
707	P	6466	7	29.335
708	P	2022	3	29.335
709	P	1832	2	29.335
710	P	5769	6	29.584
711	P	2088	3	29.584
712	P	1958	2	29.584
713	P	5481	6	29.585
714	P	2031	3	29.585
715	P	1845	2	29.585
716	P	5879	6	29.834
717	P	1997	2	29.834
718	P	1833	2	29.834
719	P	2378	3	29.834
720	P	1686	2	29.834
721	I	18311	19	29.835
722	P	6489	7	30.085
723	P	2339	3	30.085
724	P	2163	3	30.085
725	P	5949	6	30.085
726	P	2161	3	30.085
727	P	1918	2	30.085
728	P	6030	7	30.334
729	P	1938	2	30.334
730	P	1898	2	30.334
731	P	5528	6	30.334
732	P	2117	3	30.334
733	P	1782	2	30.335
734	P	5482	6	30.584
735	P	2076	3	30.584
736	P	1846	2	30.584
737	P	2537	3	30.584
738	P	1816	2	30.584
739	I	18051	19	30.585
740	P	6319	7	30.835
741	P	2433	3	30.835
742	P	2265	3	30.835
743	P	5513	6	30.835
744	P	2223	3	30.835
745	P	1977	2	30.835
746	P	5424	6	31.084
747	P	1903	2	31.084
748	P	1987	2	31.084
749	P	5548	6	31.084
750	P	1846	2	31.085
751	P	1985	2	31.085
752	P	5942	6	31.334
753	P	1996	2	31.334
754	P	1898	2	31.334
755	P	2539	3	31.334
756	P	1929	2	31.334
757	I	17817	18	31.335
758	P	6521	7	31.585
759	P	2301	3	31.585
760	P	2068	3	31.585
761	P	6056	7	31.585
762	P	2283	3	31.585
763	P	1999	2	31.585
764	P	5765	6	31.835
765	P	2278	3	31.835
766	P	2105	3	31.835
767	P	5867	6	31.835
768	P	2059	3	31.835
769	P	1947	2	31.835
770	P	5543	6	32.085
771	P	2040	3	32.085
772	P	1822	2	32.085
773	P	2491	3	32.085
774	P	1913	2	32.085
775	I	17502	18	32.085
776	P	6612	7	32.335
777	P	2196	3	32.335
778	P	2247	3	32.335
779	P	6136	7	32.335
780	P	2261	3	32.335
781	P	2078	3	32.336
782	P	5519	6	32.584
783	P	2032	3	32.585
784	P	1829	2	32.585
785	P	5802	6	32.585
786	P	2187	3	32.585
787	P	2019	3	32.585
788	P	5500	6	32.834
789	P	2240	3	32.835
790	P	1928	2	32.835
791	P	5659	6	32.835
792	P	1853	2	32.835
793	I	17669	18	32.835
794	P	6145	7	33.085
795	P	5957	6	33.085
796	P	2060	3	33.085
797	P	5460	6	33.085
798	P	2350	3	33.085
799	P	1814	2	33.085
800	P	5082	6	33.334
801	P	2040	3	33.334
802	P	2052	3	33.334
803	P	5726	6	33.334
804	P	1839	2	33.334
805	P	5395	6	33.334
806	P	1842	2	33.334
807	P	6318	7	33.626
808	P	1981	2	33.626
809	P	1877	2	33.626
810	P	2586	3	33.626
811	I	17096	18	33.626
812	P	6858	7	33.626
813	P	2112	3	33.626
814	P	5322	6	33.917
815	P	1901	2	33.918
816	P	5752	6	33.918
817	P	2041	3	33.918
818	P	4915	5	33.918
819	P	2074	3	33.918
820	P	6087	7	33.918
821	P	1927	2	33.918
822	P	5811	6	34.251
823	P	1911	2	34.251
824	P	1830	2	34.251
825	P	5534	6	34.251
826	P	1820	2	34.251
827	P	1782	2	34.251
828	P	2383	3	34.251
829	I	16735	17	34.251
830	P	7103	8	34.584
831	P	2336	3	34.584
832	P	1880	2	34.584
833	P	6272	7	34.585
834	P	2087	3	34.585
835	P	2060	3	34.585
836	P	5501	6	34.834
837	P	1959	2	34.834
838	P	1918	2	34.834
839	P	5028	6	34.834
840	P	2016	3	34.834
841	P	1803	2	34.834
842	P	5432	6	35.084
843	P	1817	2	35.084
844	P	1849	2	35.084
845	P	2619	3	35.084
846	P	1701	2	35.084
847	I	18308	19	35.084
848	P	6901	7	35.334
849	P	2212	3	35.334
850	P	1948	2	35.334
851	P	6047	7	35.335
852	P	1973	2	35.335
853	P	2040	3	35.335
854	P	5872	6	35.584
855	P	1737	2	35.584
856	P	1877	2	35.584
857	P	5325	6	35.584
858	P	1956	2	35.584
859	P	1779	2	35.584
860	P	5614	6	35.834
861	P	1920	2	35.834
862	P	1745	2	35.834
863	P	2372	3	35.834
864	P	1830	2	35.834
865	I	18136	19	35.834
866	P	6276	7	36.084
867	P	1990	2	36.084
868	P	1791	2	36.084
869	P	5736	6	36.084
870	P	2055	3	36.084
871	P	1806	2	36.084
872	P	6026	7	36.334
873	P	2125	3	36.334
874	P	1849	2	36.334
875	P	5771	6	36.334
876	P	2023	3	36.334
877	P	1879	2	36.334
878	P	5820	6	36.584
879	P	1732	2	36.584
880	P	1697	2	36.584
881	P	2543	3	36.584
882	P	1664	2	36.584
883	I	17772	18	36.584
884	P	7076	8	36.834
885	P	1814	2	36.834
886	P	2085	3	36.834
887	P	5696	6	36.834
888	P	1909	2	36.834
889	P	1923	2	36.834
890	P	6066	7	37.084
891	P	1915	2	37.084
892	P	1953	2	37.084
893	P	5365	6	37.084
894	P	1922	2	37.084
895	P	1724	2	37.084
896	P	5987	6	37.084
897	P	1928	2	37.084
898	P	1911	2	37.084
899	P	2420	3	37.459
900	P	1826	2	37.459
901	I	17696	18	37.459
902	P	6598	7	37.459
903	P	2319	3	37.459
904	P	2133	3	37.459
905	P	6445	7	37.459
906	P	2139	3	37.459
907	P	1740	2	37.459
908	P	5929	6	37.834
909	P	2062	3	37.834
910	P	1953	2	37.834
911	P	5511	6	37.834
912	P	2073	3	37.834
913	P	1973	2	37.834
914	P	5917	6	37.834
915	P	1922	2	37.834
916	P	5174	6	38.167
917	P	2039	3	38.167
918	P	2809	3	38.167
919	I	17852	18	38.168
920	P	6327	7	38.168
921	P	2904	3	38.168
922	P	2055	3	38.168
923	P	5696	6	38.459
924	P	2122	3	38.459
925	P	2030	3	38.459
926	P	5424	6	38.459
927	P	2037	3	38.459
928	P	2016	3	38.459
929	P	5079	6	38.459
930	P	1876	2	38.459
931	P	4890	5	38.792
932	P	1673	2	38.792
933	P	5845	6	38.792
934	P	1831	2	38.792
935	P	1831	2	38.792
936	P	2825	3	38.792
937	I	16156	17	38.793
938	P	5644	6	38.793
939	P	1881	2	38.793
940	P	4870	5	39.167
941	P	2021	3	39.167
942	P	5750	6	39.168
943	P	1727	2	39.168
944	P	5356	6	39.168
945	P	1609	2	39.168
946	P	5587	6	39.168
947	P	1732	2	39.168
948	P	1749	2	39.168
949	P	5037	6	39.542
950	P	1757	2	39.542
951	P	1817	2	39.542
952	P	5627	6	39.542
953	P	1591	2	39.543
954	P	2464	3	39.543
955	I	18665	19	39.543
956	P	6894	7	39.834
957	P	2736	3	39.834
958	P	2089	3	39.834
959	P	6169	7	39.834
960	P	2090	3	39.834
961	P	1969	2	39.834
962	P	5669	6	39.834
963	P	2035	3	39.835
964	P	2056	3	39.835
965	P	5677	6	40.209
966	P	1848	2	40.209
967	P	1929	2	40.209
968	P	5942	6	40.209
969	P	1954	2	40.209
970	P	1845	2	40.209
971	P	2305	3	40.209
972	P	1744	2	40.209
973	I	17876	18	40.210
974	P	6549	7	40.584
975	P	2206	3	40.584
976	P	1991	2	40.584
977	P	6098	7	40.584
978	P	1988	2	40.585
979	P	1886	2	40.585
980	P	5398	6	40.585
981	P	1944	2	40.585
982	P	1775	2	40.585
983	P	5501	6	40.959
984	P	1944	2	40.959
985	P	1779	2	40.959
986	P	5829	6	40.959
987	P	1832	2	40.959
988	P	1757	2	40.959
989	P	2173	3	40.959
990	P	1603	2	40.959
991	I	18295	19	40.960
992	P	6341	7	41.335
993	P	1874	2	41.335
994	P	1754	2	41.335
995	P	5906	6	41.335
996	P	2037	3	41.335
997	P	1848	2	41.335
998	P	5554	6	41.335
999	P	2034	3	41.335
1000	P	1727	2	41.335
1001	P	5536	6	41.709
1002	P	1586	2	41.709
1003	P	5671	6	41.709
1004	P	1739	2	41.709
1005	P	1815	2	41.709
1006	P	5753	6	41.709
1007	P	1856	2	41.709
1008	P	1885	2	41.709
1009	I	17962	18	41.710
1010	P	6594	7	42.084
1011	P	6031	7	42.084
1012	P	1531	2	42.084
1013	P	5707	6	42.085
1014	P	1846	2	42.085
1015	P	1846	2	42.085
1016	P	5704	6	42.085
1017	P	2105	3	42.085
1018	P	1940	2	42.085
1019	P	5847	6	42.459
1020	P	1842	2	42.459
1021	P	1696	2	42.459
1022	P	5747	6	42.459
1023	P	1881	2	42.459
1024	P	1786	2	42.459
1025	P	2367	3	42.459
1026	P	1694	2	42.459
1027	I	17660	18	42.460
1028	P	6266	7	42.834
1029	P	2482	3	42.834
1030	P	2139	3	42.834
1031	P	5999	6	42.834
1032	P	1722	2	42.834
1033	P	4979	5	42.835
1034	P	2140	3	42.835
1035	P	5268	6	42.835
1036	P	1794	2	42.835
1037	P	5260	6	43.209
1038	P	1916	2	43.209
1039	P	5193	6	43.209
1040	P	2072	3	43.209
1041	P	5564	6	43.209
1042	P	2071	3	43.209
1043	P	5656	6	43.209
1044	P	1930	2	43.209
1045	I	16473	17	43.210
1046	P	7189	8	43.584
1047	P	2155	3	43.584
1048	P	6076	7	43.584
1049	P	1864	2	43.584
1050	P	6431	7	43.584
1051	P	1888	2	43.584
1052	P	5958	6	43.584
1053	P	1850	2	43.585
1054	P	5906	6	43.585
1055	P	1954	2	43.585
1056	P	5313	6	44.000
1057	P	1837	2	44.001
1058	P	5646	6	44.001
1059	P	1773	2	44.001
1060	P	5542	6	44.001
1061	P	1797	2	44.001
1062	P	1844	2	44.001
1063	I	16666	17	44.001
1064	P	7067	8	44.001
1065	P	1740	2	44.001
1066	P	6249	7	44.417
1067	P	1901	2	44.417
1068	P	1744	2	44.417
1069	P	5786	6	44.417
1070	P	1842	2	44.418
1071	P	1656	2	44.418
1072	P	5616	6	44.418
1073	P	1733	2	44.418
1074	P	1608	2	44.418
1075	P	5347	6	44.792
1076	P	2023	3	44.792
1077	P	1560	2	44.792
1078	P	5846	6	44.793
1079	P	1654	2	44.793
1080	P	2326	3	44.793
1081	I	17805	18	44.793
1082	P	6803	7	44.793
1083	P	2875	3	44.793
1084	P	2183	3	44.793
1085	P	6137	7	45.209
1086	P	1798	2	45.209
1087	P	1836	2	45.209
1088	P	5644	6	45.209
1089	P	2074	3	45.209
1090	P	1815	2	45.209
1091	P	5516	6	45.209
1092	P	1979	2	45.209
1093	P	1785	2	45.210
1094	P	5472	6	45.584
1095	P	1660	2	45.584
1096	P	5484	6	45.584
1097	P	1865	2	45.584
1098	P	2735	3	45.584
1099	I	18079	19	45.584
1100	P	5991	6	45.585
1101	P	3051	4	45.585
1102	P	2179	3	45.585
1103	P	5477	6	45.585
1104	P	1775	2	45.585
1105	P	5234	6	46.042
1106	P	1809	2	46.042
1107	P	5261	6	46.042
1108	P	1895	2	46.042
1109	P	5206	6	46.042
1110	P	1742	2	46.042
1111	P	4893	5	46.043
1112	P	1895	2	46.043
1113	P	5133	6	46.043
1114	P	1881	2	46.043
1115	P	4651	5	46.459
1116	P	1943	2	46.459
1117	I	16168	17	46.459
1118	P	5662	6	46.459
1119	P	2295	3	46.459
1120	P	6112	7	46.459
1121	P	2127	3	46.459
1122	P	5236	6	46.459
1123	P	2091	3	46.459
1124	P	5094	6	46.459
1125	P	1972	2	46.459
1126	P	5403	6	46.917
1127	P	1745	2	46.917
1128	P	4874	5	46.917
1129	P	1786	2	46.917
1130	P	4958	5	46.917
1131	P	1738	2	46.917
1132	P	4851	5	46.918
1133	P	1744	2	46.918
1134	P	2590	3	46.918
1135	I	18070	19	46.918
1136	P	6518	7	47.334
1137	P	2379	3	47.334
1138	P	1819	2	47.334
1139	P	4879	5	47.334
1140	P	1779	2	47.334
1141	P	1801	2	47.334
1142	P	4843	5	47.334
1143	P	1733	2	47.334
1144	P	1688	2	47.334
1145	P	4391	5	47.709
1146	P	1663	2	47.709
1147	P	1752	2	47.709
1148	P	4692	5	47.709
1149	P	1803	2	47.709
1150	P	1638	2	47.709
1151	P	2315	3	47.709
1152	P	1694	2	47.709
1153	I	17470	18	47.709
1154	P	5976	6	48.084
1155	P	1712	2	48.084
1156	P	2099	3	48.084
1157	P	5065	6	48.084
1158	P	2063	3	48.084
1159	P	1711	2	48.084
1160	P	4998	5	48.084
1161	P	1855	2	48.084
1162	P	5402	6	48.084
1163	P	1787	2	48.085
1164	P	4510	5	48.501
1165	P	1766	2	48.501
1166	P	5131	6	48.501
1167	P	1918	2	48.501
1168	P	5024	6	48.501
1169	P	1859	2	48.501
1170	P	2110	3	48.501
1171	I	17322	18	48.501
1172	P	6290	7	48.501
1173	P	1919	2	48.501
1174	P	6309	7	48.917
1175	P	1819	2	48.917
1176	P	5078	6	48.917
1177	P	1850	2	48.917
1178	P	5370	6	48.917
1179	P	1669	2	48.918
1180	P	5109	6	48.918
1181	P	1485	2	48.918
1182	P	4928	5	48.918
1183	P	1681	2	48.918
1184	P	5560	6	49.334
1185	P	1817	2	49.334
1186	P	5456	6	49.334
1187	P	1616	2	49.334
1188	P	2198	3	49.334
1189	I	17252	18	49.334
1190	P	7195	8	49.334
1191	P	1738	2	49.334
1192	P	5995	6	49.335
1193	P	1834	2	49.335
1194	P	5348	6	49.751
1195	P	1691	2	49.751
1196	P	5406	6	49.751
1197	P	2152	3	49.751
1198	P	5620	6	49.751
1199	P	1771	2	49.751
1200	P	5409	6	49.751
1201	P	1673	2	49.751
1202	P	5351	6	49.751
1203	P	1544	2	49.751
1204	P	5751	6	49.751
1205	P	1774	2	49.751
1206	P	2370	3	50.251
1207	I	17537	18	50.251
1208	P	6777	7	50.251
1209	P	1712	2	50.251
1210	P	5862	6	50.251
1211	P	1788	2	50.251
1212	P	5950	6	50.251
1213	P	1868	2	50.251
1214	P	5393	6	50.251
1215	P	1759	2	50.251
1216	P	6274	7	50.251
1217	P	1651	2	50.251
1218	P	5263	6	50.751
1219	P	1718	2	50.751
1220	P	5279	6	50.751
1221	P	1541	2	50.751
1222	P	5478	6	50.751
1223	P	1791	2	50.751
1224	P	2309	3	50.751
1225	I	17300	18	51.084
1226	P	6140	7	51.084
1227	P	1814	2	51.084
1228	P	6263	7	51.084
1229	P	1888	2	51.085
1230	P	6444	7	51.085
1231	P	1679	2	51.085
1232	P	6562	7	51.085
1233	P	1857	2	51.085
1234	P	6125	7	51.085
1235	P	2167	3	51.501
1236	P	6641	7	51.501
1237	P	2136	3	51.501
1238	P	5291	6	51.501
1239	P	5547	6	51.501
1240	P	5800	6	51.501
1241	P	6197	7	51.501
1242	P	6572	7	51.501
1243	I	17774	18	51.501
1244	P	7593	8	51.502
1245	P	2751	3	51.917
1246	P	7539	8	51.917
1247	P	2932	3	51.917
1248	P	7348	8	51.918
1249	P	5493	6	51.918
1250	P	7347	8	51.918
1251	P	8137	9	51.918
1252	P	2733	3	51.918
1253	P	7203	8	51.918
1254	P	3162	4	51.918
1255	P	6960	7	51.918
1256	P	2881	3	51.918
1257	P	6136	7	52.375
1258	P	3201	4	52.375
1259	P	5516	6	52.376
1260	P	2934	3	52.376
1261	I	14605	15	52.376
1262	P	5390	6	52.376
1263	P	2888	3	52.376
1264	P	5225	6	52.376
1265	P	5165	6	52.376
1266	P	5178	6	52.376
1267	P	4519	5	52.376
1268	P	4847	5	52.376
1269	P	4762	5	52.875
1270	P	4670	5	52.876
1271	P	4777	5	52.876
1272	P	4572	5	52.876
1273	P	4915	5	52.876
1274	P	4949	5	52.876
1275	P	4760	5	52.876
1276	P	5079	6	52.876
1277	P	1421	2	52.876
1278	P	1666	2	52.876
1279	I	14915	15	52.877
1280	P	5594	6	53.334
1281	P	1877	2	53.334
1282	P	1536	2	53.334
1283	P	5248	6	53.334
1284	P	1721	2	53.334
1285	P	1405	2	53.334
1286	P	4930	5	53.334
1287	P	1733	2	53.334
1288	P	1482	2	53.335
1289	P	4914	5	53.335
1290	P	1649	2	53.335
1291	P	1318	2	53.335
1292	P	4905	5	53.834
1293	P	1464	2	53.834
1294	P	1371	2	53.834
1295	P	1920	2	53.834
1296	P	1512	2	53.834
1297	I	15992	16	53.835
1298	P	5519	6	53.835
1299	P	2072	3	53.835
1300	P	1636	2	53.835
1301	P	4879	5	53.835
1302	P	1785	2	53.835
1303	P	1483	2	54.334
1304	P	4945	5	54.334
1305	P	1564	2	54.334
1306	P	1346	2	54.334
1307	P	4455	5	54.334
1308	P	1604	2	54.334
1309	P	1411	2	54.334
1310	P	4827	5	54.334
1311	P	1371	2	54.334
1312	P	1510	2	54.334
1313	P	2024	3	54.334
1314	P	1297	2	54.334
1315	I	15742	16	54.335
1316	P	6174	7	54.834
1317	P	1549	2	54.834
1318	P	1608	2	54.834
1319	P	4985	5	54.834
1320	P	1789	2	54.834
1321	P	1614	2	54.834
1322	P	5055	6	54.835
1323	P	1610	2	54.835
1324	P	1447	2	54.835
1325	P	4738	5	54.835
1326	P	1593	2	54.835
1327	P	1359	2	54.835
1328	P	4836	5	55.334
1329	P	1473	2	55.334
1330	P	1562	2	55.334
1331	P	2174	3	55.334
1332	P	1395	2	55.334
1333	I	16147	17	55.334
1334	P	5844	6	55.334
1335	P	2045	3	55.334
1336	P	1853	2	55.334
1337	P	5242	6	55.334
1338	P	1742	2	55.334
1339	P	1512	2	55.334
1340	P	4919	5	55.834
1341	P	1798	2	55.834
1342	P	1712	2	55.834
1343	P	5170	6	55.834
1344	P	1807	2	55.834
1345	P	1585	2	55.834
1346	P	5090	6	55.834
1347	P	1706	2	55.834
1348	P	1466	2	55.834
1349	P	2136	3	55.834
1350	P	1465	2	55.835
1351	I	16490	17	55.835
1352	P	5876	6	56.335
1353	P	2058	3	56.335
1354	P	1936	2	56.335
1355	P	5238	6	56.335
1356	P	1790	2	56.336
1357	P	1656	2	56.336
1358	P	4919	5	56.336
1359	P	1818	2	56.336
1360	P	1634	2	56.709
1361	P	5190	6	56.709
1362	P	1579	2	56.709
1363	P	5495	6	56.709
1364	P	1839	2	56.709
1365	P	1703	2	56.709
1366	P	4780	5	56.709
1367	P	1740	2	56.709
1368	P	1610	2	56.709
1369	I	16246	17	56.709
1370	P	5730	6	56.710
1371	P	5512	6	56.710
1372	P	1635	2	56.710
1373	P	4614	5	57.209
1374	P	1628	2	57.209
1375	P	1615	2	57.209
1376	P	5332	6	57.209
1377	P	1805	2	57.209
1378	P	1652	2	57.209
1379	P	4331	5	57.209
1380	P	1522	2	57.209
1381	P	1545	2	57.209
1382	P	4312	5	57.209
1383	P	1843	2	57.210
1384	P	1586	2	57.210
1385	P	2028	3	57.709
1386	P	1528	2	57.709
1387	I	16835	17	57.709
1388	P	5444	6	57.709
1389	P	2160	3	57.709
1390	P	1854	2	57.709
1391	P	5017	6	57.710
1392	P	1656	2	57.710
1393	P	1684	2	57.710
1394	P	4562	5	57.710
1395	P	1734	2	57.710
1396	P	1530	2	57.710
1397	P	4872	5	58.209
1398	P	1573	2	58.209
1399	P	1533	2	58.209
1400	P	5131	6	58.209
1401	P	1800	2	58.209
1402	P	1663	2	58.209
1403	P	2096	3	58.209
1404	P	1604	2	58.209
1405	I	16554	17	58.210
1406	P	5804	6	58.584
1407	P	2112	3	58.584
1408	P	1886	2	58.584
1409	P	4856	5	58.585
1410	P	1773	2	58.585
1411	P	1674	2	58.585
1412	P	4926	5	58.585
1413	P	1854	2	58.585
1414	P	1537	2	58.585
1415	P	4450	5	58.585
1416	P	1542	2	58.585
1417	P	1465	2	58.585
1418	P	4779	5	59.084
1419	P	1738	2	59.084
1420	P	1705	2	59.084
1421	P	2085	3	59.084
1422	P	1458	2	59.084
1423	I	17192	18	59.084
1424	P	6042	7	59.085
1425	P	2261	3	59.085
1426	P	1924	2	59.085
1427	P	5232	6	59.085
1428	P	1838	2	59.085
1429	P	1868	2	59.085
1430	P	5349	6	59.584
1431	P	1804	2	59.584
1432	P	1778	2	59.584
1433	P	5081	6	59.584
1434	P	1887	2	59.584
1435	P	1711	2	59.584
1436	P	5033	6	59.584
1437	P	2017	3	59.584
1438	P	1823	2	59.584
1439	P	2480	3	59.584
1440	P	1962	2	59.584
1441	I	18259	19	59.585
1442	P	6186	7	60.084
1443	P	2372	3	60.084
1444	P	2347	3	60.085
1445	P	5413	6	60.085
1446	P	2246	3	60.085
1447	P	2066	3	60.085
1448	P	5262	6	60.085
1449	P	2133	3	60.085
1450	P	1957	2	60.085
1451	P	4810	5	60.085
1452	P	2252	3	60.085
1453	P	1954	2	60.085
1454	P	5225	6	60.584
1455	P	1942	2	60.584
1456	P	1994	2	60.584
1457	P	2487	3	60.584
1458	P	1868	2	60.584
1459	I	18469	19	60.584
1460	P	5830	6	60.584
1461	P	2389	3	60.584
1462	P	2129	3	60.584
1463	P	5230	6	60.585
1464	P	2024	3	60.585
1465	P	2083	3	60.585
1466	P	5078	6	61.084
1467	P	2090	3	61.084
1468	P	2051	3	61.084
1469	P	5454	6	61.084
1470	P	1794	2	61.084
1471	P	5381	6	61.085
1472	P	1905	2	61.085
1473	P	1818	2	61.085
1474	P	5380	6	61.085
1475	P	2122	3	61.085
1476	P	1588	2	61.085
1477	I	17491	18	61.085
1478	P	6648	7	61.584
1479	P	6321	7	61.584
1480	P	1945	2	61.584
1481	P	5178	6	61.584
1482	P	2183	3	61.585
1483	P	1973	2	61.585
1484	P	5116	6	61.585
1485	P	1797	2	61.585
1486	P	2045	3	61.585
1487	P	4788	5	61.585
1488	P	1900	2	61.585
1489	P	1848	2	61.585
1490	P	5048	6	62.084
1491	P	1717	2	62.084
1492	P	1854	2	62.084
1493	P	2225	3	62.084
1494	P	1726	2	62.084
1495	I	18533	19	62.084
1496	P	6328	7	62.084
1497	P	2373	3	62.084
1498	P	2054	3	62.084
1499	P	5130	6	62.085
1500	P	2090	3	62.085
1501	P	1705	2	62.085
1502	P	4855	5	62.085
1503	P	2087	3	62.085
1504	P	1776	2	62.085
1505	P	5440	6	62.709
1506	P	1828	2	62.709
1507	P	1767	2	62.709
1508	P	5218	6	62.709
1509	P	1753	2	62.709
1510	P	1782	2	62.709
1511	P	2046	3	62.709
1512	P	1678	2	62.709
1513	I	18219	19	62.709
1514	P	6109	7	62.710
1515	P	2304	3	62.710
1516	P	1867	2	62.710
1517	P	5933	6	62.710
1518	P	1993	2	62.710
1519	P	1899	2	62.710
1520	P	4895	5	63.334
1521	P	1881	2	63.334
1522	P	1824	2	63.334
1523	P	5436	6	63.334
1524	P	1726	2	63.334
1525	P	1723	2	63.334
1526	P	4877	5	63.334
1527	P	1897	2	63.334
1528	P	1689	2	63.334
1529	P	2019	3	63.334
1530	P	1745	2	63.334
1531	I	18191	19	63.335
1532	P	5904	6	63.335
1533	P	2166	3	63.959
1534	P	1805	2	63.959
1535	P	5812	6	63.959
1536	P	1680	2	63.959
1537	P	1640	2	63.959
1538	P	5215	6	63.959
1539	P	1910	2	63.959
1540	P	1623	2	63.959
1541	P	5238	6	63.959
1542	P	1589	2	63.959
1543	P	1445	2	63.959
1544	P	4679	5	63.959
1545	P	1784	2	63.960
1546	P	1611	2	63.960
1547	P	2207	3	63.960
1548	P	1558	2	63.960
1549	I	18401	19	64.584
1550	P	6250	7	64.584
1551	P	2409	3	64.584
1552	P	1888	2	64.584
1553	P	5547	6	64.584
1554	P	1500	2	64.584
1555	P	1561	2	64.585
1556	P	5426	6	64.585
1557	P	1830	2	64.585
1558	P	1846	2	64.585
1559	P	5325	6	64.585
1560	P	1731	2	64.585
1561	P	1617	2	64.585
1562	P	4966	5	64.585
1563	P	1537	2	64.585
1564	P	1543	2	64.585
1565	P	2092	3	65.209
1566	P	1598	2	65.209
1567	I	18447	19	65.209
1568	P	6707	7	65.209
1569	P	2518	3	65.210
1570	P	1969	2	65.210
1571	P	5673	6	65.210
1572	P	1838	2	65.210
1573	P	1566	2	65.210
1574	P	5059	6	65.584
1575	P	1985	2	65.584
1576	P	1930	2	65.584
1577	P	5806	6	65.584
1578	P	1816	2	65.584
1579	P	1640	2	65.584
1580	P	5411	6	65.585
1581	P	1970	2	65.585
1582	P	1828	2	65.585
1583	P	2179	3	65.585
1584	P	1698	2	65.585
1585	I	19090	20	65.585
1586	P	6294	7	66.209
1587	P	2298	3	66.209
1588	P	2046	3	66.209
1589	P	6257	7	66.209
1590	P	2100	3	66.209
1591	P	1737	2	66.209
1592	P	5505	6	66.209
1593	P	1821	2	66.209
1594	P	1846	2	66.209
1595	P	5294	6	66.210
1596	P	1840	2	66.210
1597	P	1714	2	66.210
1598	P	5195	6	66.709
1599	P	1889	2	66.709
1600	P	1830	2	66.709
1601	P	2426	3	66.709
1602	P	1708	2	66.709
1603	I	18567	19	66.709
1604	P	6638	7	66.709
1605	P	2261	3	66.709
1606	P	2086	3	66.709
1607	P	5415	6	66.709
1608	P	2017	3	66.709
1609	P	1765	2	66.710
1610	P	5598	6	66.710
1611	P	1984	2	67.209
1612	P	1768	2	67.209
1613	P	5480	6	67.209
1614	P	1808	2	67.209
1615	P	1737	2	67.209
1616	P	5151	6	67.209
1617	P	1840	2	67.209
1618	P	1677	2	67.209
1619	P	2242	3	67.209
1620	P	1669	2	67.209
1621	I	19307	20	67.209
1622	P	6975	7	67.209
1623	P	2353	3	67.209
1624	P	1719	2	67.209
1625	P	5616	6	67.210
1626	P	2149	3	67.210
1627	P	1743	2	67.210
1628	P	5515	6	67.834
1629	P	1961	2	67.834
1630	P	1903	2	67.834
1631	P	5764	6	67.834
1632	P	2151	3	67.834
1633	P	1739	2	67.834
1634	P	5591	6	67.834
1635	P	2126	3	67.834
1636	P	1859	2	67.835
1637	P	2201	3	67.835
1638	P	1465	2	67.835
1639	I	19663	20	67.835
1640	P	6737	7	67.835
1641	P	2251	3	68.459
1642	P	2113	3	68.459
1643	P	5496	6	68.459
1644	P	1937	2	68.459
1645	P	1834	2	68.459
1646	P	5676	6	68.459
1647	P	2021	3	68.459
1648	P	1764	2	68.459
1649	P	5613	6	68.459
1650	P	1860	2	68.459
1651	P	1525	2	68.459
1652	P	5508	6	68.460
1653	P	1826	2	68.460
1654	P	1525	2	68.460
1655	P	2214	3	68.460
1656	P	1696	2	68.460
1657	I	18985	19	69.084
1658	P	7100	8	69.084
1659	P	2209	3	69.084
1660	P	2052	3	69.084
1661	P	5579	6	69.084
1662	P	1880	2	69.084
1663	P	1948	2	69.084
1664	P	5786	6	69.084
1665	P	1841	2	69.084
1666	P	1698	2	69.084
1667	P	5812	6	69.085
1668	P	1830	2	69.085
1669	P	1547	2	69.085
1670	P	5173	6	69.709
1671	P	1690	2	69.709
1672	P	1869	2	69.709
1673	P	2196	3	69.709
1674	P	1515	2	69.709
1675	I	19359	20	69.709
1676	P	7125	8	69.709
1677	P	1944	2	69.709
1678	P	1888	2	69.709
1679	P	6059	7	69.709
1680	P	2035	3	69.709
1681	P	1962	2	69.709
1682	P	6084	7	69.710
1683	P	1799	2	70.209
1684	P	1616	2	70.209
1685	P	5496	6	70.209
1686	P	1821	2	70.209
1687	P	1491	2	70.209
1688	P	6331	7	70.209
1689	P	1886	2	70.209
1690	P	1741	2	70.209
1691	P	2191	3	70.209
1692	P	1941	2	70.209
1693	I	20474	21	70.210
1694	P	6560	7	70.210
1695	P	2235	3	70.210
1696	P	2181	3	70.210
1697	P	6159	7	70.210
1698	P	2233	3	70.210
1699	P	1877	2	70.210
1700	P	6107	7	70.834
1701	P	1964	2	70.834
1702	P	2064	3	70.834
1703	P	5917	6	70.834
1704	P	2030	3	70.834
1705	P	1821	2	70.834
1706	P	5551	6	70.834
1707	P	1972	2	70.835
1708	P	1882	2	70.835
1709	P	2366	3	70.835
1710	P	1920	2	70.835
1711	I	19515	20	70.835
1712	P	6669	7	70.835
1713	P	2589	3	70.835
1714	P	2098	3	71.459
1715	P	5170	6	71.459
1716	P	2122	3	71.459
1717	P	1986	2	71.459
1718	P	5248	6	71.459
1719	P	1858	2	71.459
1720	P	5878	6	71.459
1721	P	1720	2	71.459
1722	P	5905	6	71.459
1723	P	2101	3	71.459
1724	P	1996	2	71.460
1725	P	5628	6	71.460
1726	P	1973	2	71.460
1727	P	5611	6	71.959
1728	P	2000	2	71.959
1729	I	17524	18	71.959
1730	P	6968	7	71.959
1731	P	1895	2	71.959
1732	P	5164	6	71.959
1733	P	2192	3	71.959
1734	P	5646	6	71.959
1735	P	2256	3	71.959
1736	P	5474	6	71.959
1737	P	2056	3	71.960
1738	P	1990	2	71.960
1739	P	4518	5	71.960
1740	P	1903	2	71.960
1741	P	1816	2	71.960
1742	P	4594	5	71.960
1743	P	4873	5	72.625
1744	P	1760	2	72.626
1745	P	5497	6	72.626
1746	P	1752	2	72.626
1747	I	17144	18	72.626
1748	P	4500	5	72.626
1749	P	2136	3	72.626
1750	P	6387	7	72.626
1751	P	2155	3	72.626
1752	P	5856	6	72.626
1753	P	5845	6	73.042
1754	P	1964	2	73.042
1755	P	1717	2	73.042
1756	P	5458	6	73.042
1757	P	1824	2	73.042
1758	P	1818	2	73.042
1759	P	5769	6	73.042
1760	P	1928	2	73.042
1761	P	1760	2	73.043
1762	P	4935	5	73.043
1763	P	1713	2	73.043
1764	P	1470	2	73.043
1765	I	18217	19	73.043
1766	P	6739	7	73.043
1767	P	5344	6	73.043
1768	P	1820	2	73.043
1769	P	5829	6	73.709
1770	P	1865	2	73.709
1771	P	1579	2	73.709
1772	P	6035	7	73.709
1773	P	1786	2	73.709
1774	P	1825	2	73.710
1775	P	5508	6	73.710
1776	P	1741	2	73.710
1777	P	1820	2	73.710
1778	P	5115	6	73.710
1779	P	1738	2	73.710
1780	P	1616	2	73.710
1781	P	2115	3	73.710
1782	P	1663	2	73.710
1783	I	19126	20	74.334
1784	P	6730	7	74.334
1785	P	2128	3	74.334
1786	P	2280	3	74.334
1787	P	5123	6	74.334
1788	P	1539	2	74.334
1789	P	1647	2	74.334
1790	P	5834	6	74.334
1791	P	1895	2	74.334
1792	P	1890	2	74.334
1793	P	5451	6	74.334
1794	P	1732	2	74.334
1795	P	2084	3	74.334
1796	P	5858	6	74.334
1797	P	1695	2	74.334
1798	P	1778	2	74.334
1799	P	2286	3	74.334
1800	P	1955	2	74.334
1801	I	19400	20	74.335
1802	P	6067	7	75.084
1803	P	2436	3	75.084
1804	P	1953	2	75.084
1805	P	5622	6	75.084
1806	P	1915	2	75.084
1807	P	1794	2	75.084
1808	P	5324	6	75.084
1809	P	1808	2	75.084
1810	P	1948	2	75.084
1811	P	5336	6	75.085
1812	P	1557	2	75.085
1813	P	1689	2	75.085
1814	P	5628	6	75.085
1815	P	1714	2	75.709
1816	P	1778	2	75.709
1817	P	2113	3	75.709
1818	P	1723	2	75.709
1819	I	20024	21	75.709
1820	P	6525	7	75.709
1821	P	2274	3	75.709
1822	P	2096	3	75.709
1823	P	5455	6	75.709
1824	P	1871	2	75.710
1825	P	2054	3	75.710
1826	P	5236	6	75.710
1827	P	1808	2	75.710
1828	P	1833	2	75.710
1829	P	4958	5	75.710
1830	P	1560	2	75.710
1831	P	2094	3	76.334
1832	P	4671	5	76.334
1833	P	1951	2	76.334
1834	P	1923	2	76.334
1835	P	2093	3	76.334
1836	P	1866	2	76.334
1837	I	19164	20	76.334
1838	P	6880	7	76.334
1839	P	2331	3	76.334
1840	P	2156	3	76.334
1841	P	5520	6	76.334
1842	P	2071	3	76.334
1843	P	1639	2	76.335
1844	P	6026	7	76.335
1845	P	1571	2	76.335
1846	P	2062	3	76.335
1847	P	6351	7	76.959
1848	P	2041	3	76.959
1849	P	1842	2	76.959
1850	P	5942	6	76.959
1851	P	1685	2	76.959
1852	P	1718	2	76.959
1853	P	2217	3	76.959
1854	P	1934	2	76.960
1855	I	19670	20	76.960
1856	P	6351	7	76.960
1857	P	2266	3	76.960
1858	P	2259	3	76.960
1859	P	5466	6	76.960
1860	P	2019	3	77.584
1861	P	2018	3	77.584
1862	P	5199	6	77.584
1863	P	1686	2	77.584
1864	P	2050	3	77.584
1865	P	5303	6	77.584
1866	P	1655	2	77.584
1867	P	1880	2	77.584
1868	P	5425	6	77.584
1869	P	1540	2	77.584
1870	P	2138	3	77.584
1871	P	1959	2	77.585
1872	P	1923	2	77.585
1873	I	19915	20	77.585
1874	P	6925	7	77.585
1875	P	2218	3	78.209
1876	P	1876	2	78.209
1877	P	6294	7	78.209
1878	P	1983	2	78.209
1879	P	1835	2	78.209
1880	P	5838	6	78.209
1881	P	1989	2	78.209
1882	P	1880	2	78.209
1883	P	5480	6	78.209
1884	P	1818	2	78.209
1885	P	1841	2	78.210
1886	P	5425	6	78.210
1887	P	1570	2	78.210
1888	P	1597	2	78.210
1889	P	1896	2	78.210
1890	P	2083	3	78.210
1891	I	19983	20	78.210
1892	P	6610	7	78.210
1893	P	2131	3	78.210
1894	P	2279	3	78.210
1895	P	6160	7	78.959
1896	P	1666	2	78.959
1897	P	1944	2	78.959
1898	P	6023	7	78.960
1899	P	1717	2	78.960
1900	P	2200	3	78.960
1901	P	5966	6	78.960
1902	P	1800	2	78.960
1903	P	1909	2	78.960
1904	P	5839	6	78.960
1905	P	1846	2	78.960
1906	P	1968	2	78.960
1907	P	2049	3	78.960
1908	P	1892	2	78.960
1909	I	19856	20	78.961
1910	P	6506	7	79.584
1911	P	2156	3	79.584
1912	P	2184	3	79.584
1913	P	5926	6	79.585
1914	P	1996	2	79.585
1915	P	2089	3	79.585
1916	P	5941	6	79.585
1917	P	1931	2	79.585
1918	P	1983	2	79.585
1919	P	5908	6	79.585
1920	P	1595	2	79.585
1921	P	1840	2	79.585
1922	P	6236	7	79.585
1923	P	1701	2	79.585
1924	P	1740	2	80.209
1925	P	1957	2	80.209
1926	P	1955	2	80.209
1927	I	20234	21	80.209
1928	P	7447	8	80.209
1929	P	1574	2	80.209
1930	P	2253	3	80.209
1931	P	7481	8	80.210
1932	P	1653	2	80.210
1933	P	1954	2	80.210
1934	P	6557	7	80.210
1935	P	1949	2	80.210
1936	P	1932	2	80.210
1937	P	6109	7	80.210
1938	P	1895	2	80.834
1939	P	1940	2	80.834
1940	P	5804	6	80.834
1941	P	1855	2	80.834
1942	P	1956	2	80.834
1943	P	2210	3	80.834
1944	P	2034	3	80.834
1945	I	20441	21	80.834
1946	P	7079	8	80.834
1947	P	2231	3	80.834
1948	P	2256	3	80.835
1949	P	6690	7	80.835
1950	P	2248	3	80.835
1951	P	6491	7	80.835
1952	P	2084	3	80.835
1953	P	6299	7	81.376
1954	P	1755	2	81.376
1955	P	6342	7	81.376
1956	P	1997	2	81.376
1957	P	6036	7	81.376
1958	P	2032	3	81.376
1959	P	6397	7	81.376
1960	P	2090	3	81.376
1961	P	6154	7	81.376
1962	P	2126	3	81.376
1963	I	18666	19	81.834
1964	P	6695	7	81.834
1965	P	2362	3	81.834
1966	P	7150	8	81.834
1967	P	2225	3	81.834
1968	P	7036	8	81.834
1969	P	2327	3	81.834
1970	P	6812	7	81.834
1971	P	2083	3	81.834
1972	P	6185	7	81.834
1973	P	2080	3	81.834
1974	P	6037	7	81.835
1975	P	2071	3	81.835
1976	P	6553	7	81.835
1977	P	2089	3	81.835
1978	P	6054	7	81.835
1979	P	2371	3	81.835
1980	P	2799	3	81.835
1981	I	19256	20	82.584
1982	P	7106	8	82.584
1983	P	2356	3	82.584
1984	P	6786	7	82.584
1985	P	2274	3	82.584
1986	P	5874	6	82.584
1987	P	2443	3	82.584
1988	P	6306	7	82.585
1989	P	2194	3	82.585
1990	P	5918	6	82.585
1991	P	1995	2	82.585
1992	P	5653	6	82.585
1993	P	1829	2	82.585
1994	P	4859	5	82.585
1995	P	2139	3	82.585
1996	P	4116	5	82.585
1997	P	2253	3	82.585
1998	P	2256	3	82.585
1999	I	13665	14	82.585
2000	P	2687	3	83.375
